<?xml version="1.0" encoding="UTF-8"?>
<!-- Generated by org.testng.reporters.JUnitReportReporter -->
<testsuite hostname="THs-MacBook-Pro.local" failures="0" tests="5" name="test.ScheduleTestCases" time="6.124" errors="0" timestamp="2023-11-20T11:24:05 IST" skipped="0">
  <testcase classname="test.ScheduleTestCases" name="testCreateSchedule" time="0.685"/>
  <testcase classname="test.ScheduleTestCases" name="testUpdateSchedule" time="0.609"/>
  <testcase classname="test.ScheduleTestCases" name="testGetSchedule" time="0.844"/>
  <testcase classname="test.ScheduleTestCases" name="testListSchedules" time="3.303"/>
  <testcase classname="test.ScheduleTestCases" name="testDeleteSchedule" time="0.683"/>
</testsuite> <!-- test.ScheduleTestCases -->
