<?xml version="1.0" encoding="UTF-8"?>
<!-- Generated by org.testng.reporters.JUnitReportReporter -->
<testsuite hostname="THs-MacBook-Pro.local" failures="0" tests="5" name="test.CentreDirectoryServiceTypeTestCases" time="3.229" errors="0" timestamp="2023-11-20T11:24:05 IST" skipped="0">
  <testcase classname="test.CentreDirectoryServiceTypeTestCases" name="testCreateServiceType" time="0.668"/>
  <testcase classname="test.CentreDirectoryServiceTypeTestCases" name="testUpdateServiceType" time="0.655"/>
  <testcase classname="test.CentreDirectoryServiceTypeTestCases" name="testGetServiceType" time="0.620"/>
  <testcase classname="test.CentreDirectoryServiceTypeTestCases" name="testListServicesTypes" time="0.728"/>
  <testcase classname="test.CentreDirectoryServiceTypeTestCases" name="testDeleteServiceType" time="0.558"/>
</testsuite> <!-- test.CentreDirectoryServiceTypeTestCases -->
