<?xml version="1.0" encoding="UTF-8"?>
<!-- Generated by org.testng.reporters.JUnitReportReporter -->
<testsuite hostname="THs-MacBook-Pro.local" failures="0" tests="5" name="test.CategoryTestCases" time="3.632" errors="0" timestamp="2023-11-20T11:24:05 IST" skipped="0">
  <testcase classname="test.CategoryTestCases" name="testCreateCategory" time="0.844"/>
  <testcase classname="test.CategoryTestCases" name="testPatchCategory" time="0.760"/>
  <testcase classname="test.CategoryTestCases" name="testGetCategory" time="0.686"/>
  <testcase classname="test.CategoryTestCases" name="testListCategories" time="0.644"/>
  <testcase classname="test.CategoryTestCases" name="testDeletecategory" time="0.698"/>
</testsuite> <!-- test.CategoryTestCases -->
