<?xml version="1.0" encoding="UTF-8"?>
<!-- Generated by org.testng.reporters.JUnitReportReporter -->
<testsuite hostname="THs-MacBook-Pro.local" failures="0" tests="5" name="test.CentreDirectoryServiceTestCases" time="3.773" errors="0" timestamp="2023-11-20T11:24:05 IST" skipped="0">
  <testcase classname="test.CentreDirectoryServiceTestCases" name="testCreateService" time="0.768"/>
  <testcase classname="test.CentreDirectoryServiceTestCases" name="testUpdateService" time="0.700"/>
  <testcase classname="test.CentreDirectoryServiceTestCases" name="testGetService" time="0.714"/>
  <testcase classname="test.CentreDirectoryServiceTestCases" name="testListServices" time="1.010"/>
  <testcase classname="test.CentreDirectoryServiceTestCases" name="testDeleteService" time="0.581"/>
</testsuite> <!-- test.CentreDirectoryServiceTestCases -->
