<?xml version="1.0" encoding="UTF-8"?>
<!-- Generated by org.testng.reporters.JUnitReportReporter -->
<testsuite hostname="THs-MacBook-Pro.local" failures="0" tests="5" name="test.NoticeTestCases" time="3.838" errors="0" timestamp="2023-11-20T11:24:05 IST" skipped="0">
  <testcase classname="test.NoticeTestCases" name="testCreateNotice" time="1.005"/>
  <testcase classname="test.NoticeTestCases" name="testUpdateNotice" time="0.703"/>
  <testcase classname="test.NoticeTestCases" name="testGetNotice" time="0.651"/>
  <testcase classname="test.NoticeTestCases" name="testListNotices" time="0.795"/>
  <testcase classname="test.NoticeTestCases" name="testDeleteNotice" time="0.684"/>
</testsuite> <!-- test.NoticeTestCases -->
