<?xml version="1.0" encoding="UTF-8"?>
<!-- Generated by org.testng.reporters.JUnitReportReporter -->
<testsuite hostname="THs-MacBook-Pro.local" failures="0" tests="4" name="test.RetailerTestCases" time="3.521" errors="0" timestamp="2023-11-20T11:24:05 IST" skipped="0">
  <testcase classname="test.RetailerTestCases" name="testCreateRetailer" time="0.881"/>
  <testcase classname="test.RetailerTestCases" name="testUpdateRetailer" time="0.863"/>
  <testcase classname="test.RetailerTestCases" name="testGetRetailer" time="1.047"/>
  <testcase classname="test.RetailerTestCases" name="testListRetailers" time="0.730"/>
</testsuite> <!-- test.RetailerTestCases -->
