<?xml version="1.0" encoding="UTF-8"?>
<!-- Generated by org.testng.reporters.JUnitReportReporter -->
<testsuite hostname="THs-MacBook-Pro.local" failures="0" tests="5" name="test.DealTestCases" time="4.437" errors="0" timestamp="2023-11-20T11:24:05 IST" skipped="0">
  <testcase classname="test.DealTestCases" name="testCreateDeal" time="0.895"/>
  <testcase classname="test.DealTestCases" name="testUpdateDeal" time="0.743"/>
  <testcase classname="test.DealTestCases" name="testGetDeal" time="0.655"/>
  <testcase classname="test.DealTestCases" name="testListDeals" time="1.464"/>
  <testcase classname="test.DealTestCases" name="testDeleteDeal" time="0.680"/>
</testsuite> <!-- test.DealTestCases -->
