<?xml version="1.0" encoding="UTF-8"?>
<!-- Generated by org.testng.reporters.JUnitReportReporter -->
<testsuite hostname="THs-MacBook-Pro.local" failures="0" tests="4" name="test.CentreTestCases" time="5.254" errors="0" timestamp="2023-11-20T11:24:05 IST" skipped="0">
  <testcase classname="test.CentreTestCases" name="testPostCentre" time="1.857"/>
  <testcase classname="test.CentreTestCases" name="testPatchCentre" time="0.973"/>
  <testcase classname="test.CentreTestCases" name="testGetCentre" time="1.242"/>
  <testcase classname="test.CentreTestCases" name="testListCentres" time="1.182"/>
</testsuite> <!-- test.CentreTestCases -->
