<?xml version="1.0" encoding="UTF-8"?>
<!-- Generated by org.testng.reporters.JUnitReportReporter -->
<testsuite hostname="THs-MacBook-Pro.local" failures="0" tests="4" name="test.StoreTestCases" time="3.489" errors="0" timestamp="2023-11-20T11:24:05 IST" skipped="0">
  <testcase classname="test.StoreTestCases" name="testCreateStore" time="0.672"/>
  <testcase classname="test.StoreTestCases" name="testUpdateStore" time="1.160"/>
  <testcase classname="test.StoreTestCases" name="testGetStore" time="0.620"/>
  <testcase classname="test.StoreTestCases" name="testListStores" time="1.037"/>
</testsuite> <!-- test.StoreTestCases -->
