<?xml version="1.0" encoding="UTF-8"?>
<!-- Generated by org.testng.reporters.JUnitReportReporter -->
<testsuite hostname="THs-MacBook-Pro.local" failures="0" tests="4" name="test.ParticipantTestCases" time="5.650" errors="0" timestamp="2023-11-20T11:24:05 IST" skipped="0">
  <testcase classname="test.ParticipantTestCases" name="testCreateParticipant" time="0.829"/>
  <testcase classname="test.ParticipantTestCases" name="testGetParticipant" time="0.673"/>
  <testcase classname="test.ParticipantTestCases" name="testListParticipants" time="3.226"/>
  <testcase classname="test.ParticipantTestCases" name="testDeleteParticipant" time="0.922"/>
</testsuite> <!-- test.ParticipantTestCases -->
